\BOOKMARK [0][-]{chapter.1}{\376\377\121\375\145\160}{}% 1
\BOOKMARK [1][-]{section.1.1}{\376\377\145\160\122\027}{chapter.1}% 2
\BOOKMARK [2][-]{subsection.1.1.1}{\376\377\173\111\135\356\145\160\122\027}{section.1.1}% 3
\BOOKMARK [2][-]{subsection.1.1.2}{\376\377\173\111\153\324\145\160\122\027}{section.1.1}% 4
\BOOKMARK [2][-]{subsection.1.1.3}{\376\377\136\070\211\301\145\160\122\027\122\115\000n\230\171\124\214}{section.1.1}% 5
\BOOKMARK [1][-]{section.1.2}{\376\377\121\375\145\160\166\204\127\372\147\054\151\202\137\365\116\016\162\171\140\047}{chapter.1}% 6
\BOOKMARK [2][-]{subsection.1.2.1}{\376\377\121\375\145\160\166\204\151\202\137\365}{section.1.2}% 7
\BOOKMARK [2][-]{subsection.1.2.2}{\376\377\123\315\121\375\145\160}{section.1.2}% 8
\BOOKMARK [2][-]{subsection.1.2.3}{\376\377\131\015\124\010\121\375\145\160}{section.1.2}% 9
\BOOKMARK [2][-]{subsection.1.2.4}{\376\377\121\375\145\160\166\204\126\333\171\315\162\171\140\047\123\312\221\315\211\201\176\323\213\272}{section.1.2}% 10
\BOOKMARK [2][-]{subsection.1.2.5}{\376\377\116\011\171\315\162\171\153\212\121\375\145\160}{section.1.2}% 11
\BOOKMARK [1][-]{section.1.3}{\376\377\121\375\145\160\126\376\120\317}{chapter.1}% 12
\BOOKMARK [2][-]{subsection.1.3.1}{\376\377\136\070\145\160\121\375\145\160}{section.1.3}% 13
\BOOKMARK [2][-]{subsection.1.3.2}{\376\377\136\102\121\375\145\160}{section.1.3}% 14
\BOOKMARK [2][-]{subsection.1.3.3}{\376\377\143\007\145\160\121\375\145\160}{section.1.3}% 15
\BOOKMARK [2][-]{subsection.1.3.4}{\376\377\133\371\145\160\121\375\145\160}{section.1.3}% 16
\BOOKMARK [2][-]{subsection.1.3.5}{\376\377\116\011\211\322\121\375\145\160}{section.1.3}% 17
\BOOKMARK [2][-]{subsection.1.3.6}{\376\377\122\035\173\111\121\375\145\160}{section.1.3}% 18
\BOOKMARK [2][-]{subsection.1.3.7}{\376\377\126\376\120\317\176\330\122\066}{section.1.3}% 19
\BOOKMARK [1][-]{section.1.4}{\376\377\136\070\165\050\121\375\145\160\167\345\213\306}{chapter.1}% 20
\BOOKMARK [2][-]{subsection.1.4.1}{\376\377\116\011\211\322\121\375\145\160}{section.1.4}% 21
\BOOKMARK [2][-]{subsection.1.4.2}{\376\377\143\007\145\160\217\320\173\227\154\325\122\031}{section.1.4}% 22
\BOOKMARK [2][-]{subsection.1.4.3}{\376\377\133\371\145\160\217\320\173\227\154\325\122\031}{section.1.4}% 23
\BOOKMARK [2][-]{subsection.1.4.4}{\376\377\116\000\121\103\116\214\153\041\145\271\172\013\127\372\170\100}{section.1.4}% 24
\BOOKMARK [2][-]{subsection.1.4.5}{\376\377\126\340\137\017\122\006\211\343\121\154\137\017}{section.1.4}% 25
\BOOKMARK [2][-]{subsection.1.4.6}{\376\377\226\066\116\130\116\016\123\314\226\066\116\130}{section.1.4}% 26
\BOOKMARK [2][-]{subsection.1.4.7}{\376\377\176\335\133\371\120\074\173\111\137\017}{section.1.4}% 27
\BOOKMARK [0][-]{chapter.2}{\376\377\147\201\226\120}{}% 28
\BOOKMARK [1][-]{section.2.1}{\376\377\145\160\122\027\166\204\147\201\226\120}{chapter.2}% 29
\BOOKMARK [2][-]{subsection.2.1.1}{\376\377\145\160\122\027\147\201\226\120\166\204\133\232\116\111}{section.2.1}% 30
\BOOKMARK [2][-]{subsection.2.1.2}{\376\377\145\066\145\133\145\160\122\027\166\204\140\047\215\050}{section.2.1}% 31
\BOOKMARK [1][-]{section.2.2}{\376\377\121\375\145\160\166\204\147\201\226\120}{chapter.2}% 32
\BOOKMARK [2][-]{subsection.2.2.1}{\376\377\215\205\133\236\145\160\174\373}{section.2.2}% 33
\BOOKMARK [2][-]{subsection.2.2.2}{\376\377\220\273\127\337}{section.2.2}% 34
\BOOKMARK [2][-]{subsection.2.2.3}{\376\377\121\375\145\160\147\201\226\120\166\204\133\232\116\111}{section.2.2}% 35
\BOOKMARK [2][-]{subsection.2.2.4}{\376\377\121\375\145\160\147\201\226\120\166\204\140\047\215\050}{section.2.2}% 36
\BOOKMARK [1][-]{section.2.3}{\376\377\145\340\172\167\134\017\116\016\145\340\172\167\131\047}{chapter.2}% 37
\BOOKMARK [2][-]{subsection.2.3.1}{\376\377\145\340\172\167\134\017}{section.2.3}% 38
\BOOKMARK [2][-]{subsection.2.3.2}{\376\377\145\340\172\167\134\017\166\204\140\047\215\050}{section.2.3}% 39
\BOOKMARK [2][-]{subsection.2.3.3}{\376\377\145\340\172\167\134\017\166\204\153\324\226\066}{section.2.3}% 40
\BOOKMARK [2][-]{subsection.2.3.4}{\376\377\145\340\172\167\134\017\166\204\217\320\173\227}{section.2.3}% 41
\BOOKMARK [2][-]{subsection.2.3.5}{\376\377\145\340\172\167\131\047}{section.2.3}% 42
\BOOKMARK [2][-]{subsection.2.3.6}{\376\377\145\340\172\167\131\047\166\204\153\324\226\066}{section.2.3}% 43
\BOOKMARK [2][-]{subsection.2.3.7}{\376\377\145\340\172\167\131\047\166\204\140\047\215\050}{section.2.3}% 44
\BOOKMARK [2][-]{subsection.2.3.8}{\376\377\145\340\172\167\131\047\116\016\145\340\165\114\123\330\221\317\166\204\121\163\174\373}{section.2.3}% 45
\BOOKMARK [2][-]{subsection.2.3.9}{\376\377\145\340\172\167\131\047\116\016\145\340\172\167\134\017\166\204\121\163\174\373}{section.2.3}% 46
\BOOKMARK [1][-]{section.2.4}{\376\377\121\375\145\160\147\201\226\120\166\204\217\320\173\227}{chapter.2}% 47
\BOOKMARK [2][-]{subsection.2.4.1}{\376\377\147\201\226\120\166\204\126\333\122\031\217\320\173\227\154\325\122\031}{section.2.4}% 48
\BOOKMARK [2][-]{subsection.2.4.2}{\376\377\155\033\137\305\217\276\154\325\122\031}{section.2.4}% 49
\BOOKMARK [2][-]{subsection.2.4.3}{\376\377\154\360\122\322\121\154\137\017}{section.2.4}% 50
\BOOKMARK [2][-]{subsection.2.4.4}{\376\377\142\223\131\047\131\064\124\214\142\223\134\017\131\064}{section.2.4}% 51
\BOOKMARK [2][-]{subsection.2.4.5}{\376\377\116\044\116\052\221\315\211\201\147\201\226\120}{section.2.4}% 52
\BOOKMARK [2][-]{subsection.2.4.6}{\376\377\131\071\220\074\121\306\122\031}{section.2.4}% 53
\BOOKMARK [2][-]{subsection.2.4.7}{\376\377\123\125\214\003\147\011\165\114\121\306\122\031}{section.2.4}% 54
\BOOKMARK [2][-]{subsection.2.4.8}{\376\377\173\111\116\367\145\340\172\167\134\017\146\377\116\343}{section.2.4}% 55
\BOOKMARK [2][-]{subsection.2.4.9}{\376\377\122\051\165\050\127\372\147\054\147\201\226\120\154\102\147\201\226\120}{section.2.4}% 56
\BOOKMARK [2][-]{subsection.2.4.10}{\376\377\133\232\171\357\122\006\154\102\147\201\226\120}{section.2.4}% 57
\BOOKMARK [2][-]{subsection.2.4.11}{\376\377\116\003\171\315\147\052\133\232\137\017\166\204\213\241\173\227}{section.2.4}% 58
\BOOKMARK [1][-]{section.2.5}{\376\377\145\160\122\027\147\201\226\120\166\204\217\320\173\227}{chapter.2}% 59
\BOOKMARK [2][-]{subsection.2.5.1}{\376\377\145\160\122\027\147\201\226\120\166\204\217\320\173\227\154\325\122\031}{section.2.5}% 60
\BOOKMARK [2][-]{subsection.2.5.2}{\376\377\131\071\220\074\121\306\122\031}{section.2.5}% 61
\BOOKMARK [2][-]{subsection.2.5.3}{\376\377\123\125\214\003\147\011\165\114\121\306\122\031}{section.2.5}% 62
\BOOKMARK [0][-]{chapter.3}{\376\377\217\336\176\355}{}% 63
\BOOKMARK [1][-]{section.3.1}{\376\377\121\375\145\160\166\204\217\336\176\355\140\047}{chapter.3}% 64
\BOOKMARK [1][-]{section.3.2}{\376\377\121\375\145\160\166\204\225\364\145\255\160\271}{chapter.3}% 65
\BOOKMARK [2][-]{subsection.3.2.1}{\376\377\225\364\145\255\160\271\166\204\166\370\121\163\151\202\137\365}{section.3.2}% 66
\BOOKMARK [2][-]{subsection.3.2.2}{\376\377\225\364\145\255\160\271\166\204\122\006\174\173}{section.3.2}% 67
