\BOOKMARK [0][-]{chapter.1}{\376\377\121\375\145\160}{}% 1
\BOOKMARK [1][-]{section.1.1}{\376\377\145\160\122\027}{chapter.1}% 2
\BOOKMARK [2][-]{subsection.1.1.1}{\376\377\173\111\135\356\145\160\122\027}{section.1.1}% 3
\BOOKMARK [2][-]{subsection.1.1.2}{\376\377\173\111\153\324\145\160\122\027}{section.1.1}% 4
\BOOKMARK [2][-]{subsection.1.1.3}{\376\377\136\070\211\301\145\160\122\027\122\115\000n\230\171\124\214}{section.1.1}% 5
\BOOKMARK [1][-]{section.1.2}{\376\377\121\375\145\160\166\204\127\372\147\054\151\202\137\365\116\016\162\171\140\047}{chapter.1}% 6
\BOOKMARK [2][-]{subsection.1.2.1}{\376\377\121\375\145\160\166\204\151\202\137\365}{section.1.2}% 7
\BOOKMARK [2][-]{subsection.1.2.2}{\376\377\123\315\121\375\145\160}{section.1.2}% 8
\BOOKMARK [2][-]{subsection.1.2.3}{\376\377\131\015\124\010\121\375\145\160}{section.1.2}% 9
\BOOKMARK [2][-]{subsection.1.2.4}{\376\377\121\375\145\160\166\204\126\333\171\315\162\171\140\047\123\312\221\315\211\201\176\323\213\272}{section.1.2}% 10
\BOOKMARK [2][-]{subsection.1.2.5}{\376\377\116\011\171\315\162\171\153\212\121\375\145\160}{section.1.2}% 11
\BOOKMARK [1][-]{section.1.3}{\376\377\121\375\145\160\126\376\120\317}{chapter.1}% 12
\BOOKMARK [2][-]{subsection.1.3.1}{\376\377\136\070\145\160\121\375\145\160}{section.1.3}% 13
\BOOKMARK [2][-]{subsection.1.3.2}{\376\377\136\102\121\375\145\160}{section.1.3}% 14
\BOOKMARK [2][-]{subsection.1.3.3}{\376\377\143\007\145\160\121\375\145\160}{section.1.3}% 15
\BOOKMARK [2][-]{subsection.1.3.4}{\376\377\133\371\145\160\121\375\145\160}{section.1.3}% 16
\BOOKMARK [2][-]{subsection.1.3.5}{\376\377\116\011\211\322\121\375\145\160}{section.1.3}% 17
\BOOKMARK [2][-]{subsection.1.3.6}{\376\377\122\035\173\111\121\375\145\160}{section.1.3}% 18
\BOOKMARK [2][-]{subsection.1.3.7}{\376\377\126\376\120\317\176\330\122\066}{section.1.3}% 19
\BOOKMARK [1][-]{section.1.4}{\376\377\136\070\165\050\121\375\145\160\167\345\213\306}{chapter.1}% 20
\BOOKMARK [2][-]{subsection.1.4.1}{\376\377\116\011\211\322\121\375\145\160}{section.1.4}% 21
\BOOKMARK [2][-]{subsection.1.4.2}{\376\377\143\007\145\160\217\320\173\227\154\325\122\031}{section.1.4}% 22
\BOOKMARK [2][-]{subsection.1.4.3}{\376\377\133\371\145\160\217\320\173\227\154\325\122\031}{section.1.4}% 23
\BOOKMARK [2][-]{subsection.1.4.4}{\376\377\116\000\121\103\116\214\153\041\145\271\172\013\127\372\170\100}{section.1.4}% 24
\BOOKMARK [2][-]{subsection.1.4.5}{\376\377\126\340\137\017\122\006\211\343\121\154\137\017}{section.1.4}% 25
\BOOKMARK [2][-]{subsection.1.4.6}{\376\377\226\066\116\130\116\016\123\314\226\066\116\130}{section.1.4}% 26
\BOOKMARK [2][-]{subsection.1.4.7}{\376\377\176\335\133\371\120\074\173\111\137\017}{section.1.4}% 27
