\BOOKMARK [0][-]{chapter.1}{\376\377\147\201\226\120}{}% 1
\BOOKMARK [1][-]{section.1.1}{\376\377\145\160\122\027\166\204\147\201\226\120}{chapter.1}% 2
\BOOKMARK [2][-]{subsection.1.1.1}{\376\377\145\160\122\027\147\201\226\120\166\204\133\232\116\111}{section.1.1}% 3
\BOOKMARK [2][-]{subsection.1.1.2}{\376\377\145\066\145\133\145\160\122\027\166\204\140\047\215\050}{section.1.1}% 4
\BOOKMARK [1][-]{section.1.2}{\376\377\121\375\145\160\166\204\147\201\226\120}{chapter.1}% 5
\BOOKMARK [2][-]{subsection.1.2.1}{\376\377\215\205\133\236\145\160\174\373}{section.1.2}% 6
\BOOKMARK [2][-]{subsection.1.2.2}{\376\377\220\273\127\337}{section.1.2}% 7
\BOOKMARK [2][-]{subsection.1.2.3}{\376\377\121\375\145\160\147\201\226\120\166\204\133\232\116\111}{section.1.2}% 8
\BOOKMARK [2][-]{subsection.1.2.4}{\376\377\121\375\145\160\147\201\226\120\166\204\140\047\215\050}{section.1.2}% 9
\BOOKMARK [1][-]{section.1.3}{\376\377\145\340\172\167\134\017\116\016\145\340\172\167\131\047}{chapter.1}% 10
\BOOKMARK [2][-]{subsection.1.3.1}{\376\377\145\340\172\167\134\017}{section.1.3}% 11
\BOOKMARK [2][-]{subsection.1.3.2}{\376\377\145\340\172\167\134\017\166\204\140\047\215\050}{section.1.3}% 12
\BOOKMARK [2][-]{subsection.1.3.3}{\376\377\145\340\172\167\134\017\166\204\153\324\226\066}{section.1.3}% 13
\BOOKMARK [2][-]{subsection.1.3.4}{\376\377\145\340\172\167\134\017\166\204\217\320\173\227}{section.1.3}% 14
\BOOKMARK [2][-]{subsection.1.3.5}{\376\377\145\340\172\167\131\047}{section.1.3}% 15
\BOOKMARK [2][-]{subsection.1.3.6}{\376\377\145\340\172\167\131\047\166\204\153\324\226\066}{section.1.3}% 16
\BOOKMARK [2][-]{subsection.1.3.7}{\376\377\145\340\172\167\131\047\166\204\140\047\215\050}{section.1.3}% 17
\BOOKMARK [2][-]{subsection.1.3.8}{\376\377\145\340\172\167\131\047\116\016\145\340\165\114\123\330\221\317\166\204\121\163\174\373}{section.1.3}% 18
\BOOKMARK [2][-]{subsection.1.3.9}{\376\377\145\340\172\167\131\047\116\016\145\340\172\167\134\017\166\204\121\163\174\373}{section.1.3}% 19
\BOOKMARK [1][-]{section.1.4}{\376\377\121\375\145\160\147\201\226\120\166\204\217\320\173\227}{chapter.1}% 20
\BOOKMARK [2][-]{subsection.1.4.1}{\376\377\147\201\226\120\166\204\126\333\122\031\217\320\173\227\154\325\122\031}{section.1.4}% 21
\BOOKMARK [2][-]{subsection.1.4.2}{\376\377\155\033\137\305\217\276\154\325\122\031}{section.1.4}% 22
\BOOKMARK [2][-]{subsection.1.4.3}{\376\377\154\360\122\322\121\154\137\017}{section.1.4}% 23
\BOOKMARK [2][-]{subsection.1.4.4}{\376\377\147\201\226\120\133\130\127\050\121\306\122\031\166\204\116\044\116\052\136\224\165\050\000\050\116\044\116\052\221\315\211\201\147\201\226\120\000\051}{section.1.4}% 24
\BOOKMARK [2][-]{subsection.1.4.5}{\376\377\131\071\220\074\121\306\122\031}{section.1.4}% 25
\BOOKMARK [2][-]{subsection.1.4.6}{\376\377\123\125\214\003\147\011\165\114\121\306\122\031}{section.1.4}% 26
\BOOKMARK [2][-]{subsection.1.4.7}{\376\377\121\375\145\160\147\201\226\120\166\204\217\320\173\227\154\325\122\031}{section.1.4}% 27
\BOOKMARK [2][-]{subsection.1.4.8}{\376\377\173\111\116\367\145\340\172\167\134\017\146\377\116\343}{section.1.4}% 28
\BOOKMARK [2][-]{subsection.1.4.9}{\376\377\122\051\165\050\127\372\147\054\147\201\226\120\154\102\147\201\226\120}{section.1.4}% 29
\BOOKMARK [2][-]{subsection.1.4.10}{\376\377\133\232\171\357\122\006\154\102\147\201\226\120}{section.1.4}% 30
\BOOKMARK [2][-]{subsection.1.4.11}{\376\377\116\003\171\315\147\052\133\232\137\017\166\204\213\241\173\227}{section.1.4}% 31
\BOOKMARK [1][-]{section.1.5}{\376\377\145\160\122\027\147\201\226\120\166\204\217\320\173\227}{chapter.1}% 32
\BOOKMARK [2][-]{subsection.1.5.1}{\376\377\145\160\122\027\147\201\226\120\166\204\217\320\173\227\154\325\122\031}{section.1.5}% 33
\BOOKMARK [2][-]{subsection.1.5.2}{\376\377\131\071\220\074\121\306\122\031}{section.1.5}% 34
\BOOKMARK [2][-]{subsection.1.5.3}{\376\377\123\125\214\003\147\011\165\114\121\306\122\031}{section.1.5}% 35
